2025-05-09 11:45:48,332 - root - INFO - Logging to ./image/logs/training_20250509_114548.log
2025-05-09 11:45:48,332 - __main__ - INFO - Starting training execution
2025-05-09 11:45:48,347 - __main__ - INFO - Using MPS (Apple Silicon GPU)
2025-05-09 11:45:48,347 - __main__ - INFO - Creating dataloaders
2025-05-09 11:45:48,347 - image.dataset.dataset - INFO - Downloading MNIST dataset
2025-05-09 11:45:48,367 - image.dataset.dataset - INFO - Train dataset size: 54000
2025-05-09 11:45:48,367 - image.dataset.dataset - INFO - Validation dataset size: 6000
2025-05-09 11:45:48,367 - image.dataset.dataset - INFO - Test dataset size: 10000
2025-05-09 11:45:48,367 - __main__ - INFO - Dataloaders created
2025-05-09 11:45:48,367 - __main__ - INFO - Initializing Vision Transformer model
2025-05-09 11:45:48,379 - __main__ - INFO - Model initialized with 4759050 parameters
2025-05-09 11:45:48,379 - __main__ - INFO - Starting model training
2025-05-09 11:46:53,978 - image.training.trainer - INFO - Epoch 1/1 - Train Loss: 1.2538, Train Acc: 54.60%
2025-05-09 11:46:57,758 - image.training.trainer - INFO - Epoch 1/1 - Val Loss: 0.6928, Val Acc: 76.48%
2025-05-09 11:46:57,893 - image.training.trainer - INFO - Saved best model with validation loss: 0.6928
2025-05-09 11:46:58,314 - image.training.trainer - INFO - Training completed. Final model saved.
2025-05-09 11:46:58,315 - __main__ - INFO - Evaluating model on test set
2025-05-09 11:47:03,002 - __main__ - INFO - Test Loss: 0.6594, Test Accuracy: 77.01%
2025-05-09 11:47:03,002 - __main__ - INFO - Visualizing predictions
2025-05-09 11:47:05,051 - image.utils.visualization - INFO - Saved prediction visualization to ./image/logs/visualizations/sample_predictions.png
2025-05-09 11:47:05,051 - __main__ - INFO - Visualizing attention maps
