2025-03-26 18:36:46,829 - train - INFO - Logging to logs/20250326183646.log
2025-03-26 18:36:46,839 - __main__ - INFO - Using device: mps
2025-03-26 18:36:46,839 - __main__ - INFO - Using device: mps
2025-03-26 18:36:46,861 - __main__ - INFO - Model initialized
2025-03-26 18:36:46,861 - __main__ - INFO - Model initialized
2025-03-26 18:36:46,861 - __main__ - INFO - Loading model from: model.pth
2025-03-26 18:36:46,861 - __main__ - INFO - Loading model from: model.pth
2025-03-26 18:36:46,903 - __main__ - INFO - Model loaded successfully
2025-03-26 18:36:46,903 - __main__ - INFO - Model loaded successfully
2025-03-26 18:36:46,903 - __main__ - INFO - Initializing tokenizer
2025-03-26 18:36:46,903 - __main__ - INFO - Initializing tokenizer
2025-03-26 18:36:46,903 - train - INFO - Initialized BPETokenizer
2025-03-26 18:36:46,903 - train - INFO - Initialized BPETokenizer
2025-03-26 18:36:46,903 - train - INFO - Starting tokenizer training with desired vocab size: 1000
2025-03-26 18:36:46,903 - train - INFO - Starting tokenizer training with desired vocab size: 1000
2025-03-26 18:36:46,909 - train - INFO - Initial vocabulary size: 65, Number of merges required: 935
2025-03-26 18:36:46,909 - train - INFO - Initial vocabulary size: 65, Number of merges required: 935
2025-03-26 18:36:47,070 - train - INFO - Merge 0: Added token 'e ', Current vocab size: 66
2025-03-26 18:36:47,070 - train - INFO - Merge 0: Added token 'e ', Current vocab size: 66
2025-03-26 18:37:00,648 - train - INFO - Merge 100: Added token 'that ', Current vocab size: 166
2025-03-26 18:37:00,648 - train - INFO - Merge 100: Added token 'that ', Current vocab size: 166
2025-03-26 18:37:12,537 - train - INFO - Merge 200: Added token 'O:
', Current vocab size: 266
2025-03-26 18:37:12,537 - train - INFO - Merge 200: Added token 'O:
', Current vocab size: 266
2025-03-26 18:37:23,656 - train - INFO - Merge 300: Added token 'ive ', Current vocab size: 366
2025-03-26 18:37:23,656 - train - INFO - Merge 300: Added token 'ive ', Current vocab size: 366
2025-03-26 18:37:33,974 - train - INFO - Merge 400: Added token '.

S', Current vocab size: 466
2025-03-26 18:37:33,974 - train - INFO - Merge 400: Added token '.

S', Current vocab size: 466
2025-03-26 18:37:43,912 - train - INFO - Merge 500: Added token ' them', Current vocab size: 566
2025-03-26 18:37:43,912 - train - INFO - Merge 500: Added token ' them', Current vocab size: 566
2025-03-26 18:37:53,600 - train - INFO - Merge 600: Added token ' for', Current vocab size: 666
2025-03-26 18:37:53,600 - train - INFO - Merge 600: Added token ' for', Current vocab size: 666
2025-03-26 18:38:03,142 - train - INFO - Merge 700: Added token 'lord, ', Current vocab size: 766
2025-03-26 18:38:03,142 - train - INFO - Merge 700: Added token 'lord, ', Current vocab size: 766
2025-03-26 18:38:12,864 - train - INFO - Merge 800: Added token 'QUEEN ELIZAB', Current vocab size: 866
2025-03-26 18:38:12,864 - train - INFO - Merge 800: Added token 'QUEEN ELIZAB', Current vocab size: 866
2025-03-26 18:38:22,572 - train - INFO - Merge 900: Added token 'been', Current vocab size: 966
2025-03-26 18:38:22,572 - train - INFO - Merge 900: Added token 'been', Current vocab size: 966
2025-03-26 18:38:25,914 - train - INFO - Tokenizer training completed. Final vocab size: 1000
2025-03-26 18:38:25,914 - train - INFO - Tokenizer training completed. Final vocab size: 1000
2025-03-26 18:38:25,920 - __main__ - INFO - Tokenizer initialized with vocabulary size: 1000
2025-03-26 18:38:25,920 - __main__ - INFO - Tokenizer initialized with vocabulary size: 1000
2025-03-26 18:38:25,920 - __main__ - INFO - Generating text with prompt: 'To be or not to be'
2025-03-26 18:38:25,920 - __main__ - INFO - Generating text with prompt: 'To be or not to be'
2025-03-26 18:38:29,638 - __main__ - INFO - Generated text:
To be or not to be: 'tis a gone.

LEONTES:
I thank me; who shall my heart drawn thee
Must for our gross repair to the market,
And savided mistress 
2025-03-26 18:38:29,638 - __main__ - INFO - Generated text:
To be or not to be: 'tis a gone.

LEONTES:
I thank me; who shall my heart drawn thee
Must for our gross repair to the market,
And savided mistress 
